[debug] [2018-06-04T05:01:14.417Z] ----------------------------------------------------------------------
[debug] [2018-06-04T05:01:14.419Z] Command:       /Users/jay/.nvm/versions/node/v8.9.4/bin/node /usr/local/bin/firebase deploy
[debug] [2018-06-04T05:01:14.419Z] CLI Version:   3.17.4
[debug] [2018-06-04T05:01:14.419Z] Platform:      darwin
[debug] [2018-06-04T05:01:14.419Z] Node Version:  v8.9.4
[debug] [2018-06-04T05:01:14.419Z] Time:          Sun Jun 03 2018 22:01:14 GMT-0700 (PDT)
[debug] [2018-06-04T05:01:14.419Z] ----------------------------------------------------------------------
[debug] 
[debug] [2018-06-04T05:01:14.434Z] > command requires scopes: ["email","openid","https://www.googleapis.com/auth/cloudplatformprojects.readonly","https://www.googleapis.com/auth/firebase","https://www.googleapis.com/auth/cloud-platform"]
[debug] [2018-06-04T05:01:14.434Z] > authorizing via signed-in user
[debug] [2018-06-04T05:01:14.436Z] > refreshing access token with scopes: ["email","https://www.googleapis.com/auth/cloud-platform","https://www.googleapis.com/auth/cloudplatformprojects.readonly","https://www.googleapis.com/auth/firebase","openid"]
[debug] [2018-06-04T05:01:14.436Z] >>> HTTP REQUEST POST https://www.googleapis.com/oauth2/v3/token  
 { refresh_token: '1/4TNcaQFjhERv19vUzG2yz9oLmMMFi7ADmnDltHJsqbM',
  client_id: '563584335869-fgrhgmd47bqnekij5i8b5pr03ho849e6.apps.googleusercontent.com',
  client_secret: 'j9iVZfS8kkCEFUPaAeJV0sAi',
  grant_type: 'refresh_token',
  scope: 'email https://www.googleapis.com/auth/cloud-platform https://www.googleapis.com/auth/cloudplatformprojects.readonly https://www.googleapis.com/auth/firebase openid' } 
 Sun Jun 03 2018 22:01:14 GMT-0700 (PDT)
[debug] [2018-06-04T05:01:14.610Z] <<< HTTP RESPONSE 200
[debug] [2018-06-04T05:01:14.664Z] >>> HTTP REQUEST GET https://admin.firebase.com/v1/projects/tend-55d61  
  
 Sun Jun 03 2018 22:01:14 GMT-0700 (PDT)
[debug] [2018-06-04T05:01:15.116Z] <<< HTTP RESPONSE 200
[debug] [2018-06-04T05:01:15.117Z] >>> HTTP REQUEST GET https://admin.firebase.com/v1/database/tend-55d61/tokens  
  
 Sun Jun 03 2018 22:01:15 GMT-0700 (PDT)
[debug] [2018-06-04T05:01:15.520Z] <<< HTTP RESPONSE 200
[info] 
[info] === Deploying to 'tend-55d61'...
[info] 
[info] i  deploying hosting
[info] i  hosting: preparing . directory for upload...
[warn] ⚠  Warning: Public directory does not contain index.html
[debug] [2018-06-04T05:01:17.712Z] >>> HTTP REQUEST PUT https://deploy.firebase.com/v1/hosting/tend-55d61/uploads/-LE89vY6aODkRAzC1HQS?fileCount=385&message=  
  
 Sun Jun 03 2018 22:01:17 GMT-0700 (PDT)
